[logs/Android_Pixel 2 INFO ] 2020-06-05 00:00:06.128 BaseTest:211 - log path:logs/Android_Pixel 2
[logs/Android_Pixel 2 INFO ] 2020-06-05 00:00:06.138 BaseTest:249 - appUrl is/Users/sharadgupta/Documents/automation/RunServer/target/classes/app/btv.apk
[logs/Android_Pixel 2 INFO ] 2020-06-05 00:00:28.438 EditVideoTest:70 - login test before metod
[logs/Android_Pixel 2 INFO ] 2020-06-05 00:00:28.565 EditVideoTest:77 - 
**********Starting Test******** :verifyDashboardTitle*****

[logs/Android_Pixel 2 INFO ] 2020-06-05 00:00:48.645 EditVideoTest:96 - >>>>>Marketing Screen<<<<<<
[logs/Android_Pixel 2 INFO ] 2020-06-05 00:00:53.888 BaseTest:303 - enter email id is >>>yashimittal09+1@gmail.com
[logs/Android_Pixel 2 INFO ] 2020-06-05 00:00:54.460 BaseTest:303 - enter Password is >>>Password1124!
[logs/Android_Pixel 2 INFO ] 2020-06-05 00:00:55.102 BaseTest:291 - Press login button
[logs/Android_Pixel 2 INFO ] 2020-06-05 00:00:55.175 EditVideoTest:98 - >>>>>Login Screen<<<<<<
[logs/Android_Pixel 2 INFO ] 2020-06-05 00:01:01.189 EditVideoTest:106 - Dashboard Text visible ----true
[logs/Android_Pixel 2 INFO ] 2020-06-05 00:01:02.114 EditVideoPage:137 - EDIT Button Clicked
[logs/Android_Pixel 2 INFO ] 2020-06-05 00:01:03.286 EditVideoPage:143 - EDIT Button Clicked
[logs/Android_Pixel 2 INFO ] 2020-06-05 00:01:05.039 EditVideoPage:194 - ok_button_text_view
[logs/Android_Pixel 2 INFO ] 2020-06-05 00:01:06.330 EditVideoPage:199 - save_button_text_view
[logs/Android_Pixel 2 INFO ] 2020-06-05 00:01:07.335 EditVideoPage:228 - click 3 dot
[logs/Android_Pixel 2 INFO ] 2020-06-05 00:01:09.168 EditVideoPage:234 - click 3 dot
[logs/Android_Pixel 2 INFO ] 2020-06-05 00:01:10.753 EditVideoPage:240 - edit name field
[logs/Android_Pixel 2 INFO ] 2020-06-05 00:01:11.321 BaseTest:303 - enter card number >>>sharad
[logs/Android_Pixel 2 INFO ] 2020-06-05 00:01:11.353 EditVideoPage:247 - click 3 dot
[logs/Android_Pixel 2 INFO ] 2020-06-05 00:01:11.931 EditVideoPage:228 - click 3 dot
[logs/Android_Pixel 2 INFO ] 2020-06-05 00:01:13.569 EditVideoPage:96 - click_Share_for_approval
[logs/Android_Pixel 2 INFO ] 2020-06-05 00:01:14.279 EditVideoPage:228 - click 3 dot
[logs/Android_Pixel 2 INFO ] 2020-06-05 00:01:15.398 EditVideoPage:252 - click 3 dot
[logs/Android_Pixel 2 INFO ] 2020-06-05 00:01:16.631 BaseTest:303 - ADD COMPANY NAME >>>912IBM
[logs/Android_Pixel 2 INFO ] 2020-06-05 00:01:17.177 BaseTest:303 - ADD INTERVIEWEE NAME >>>912Macbook
[logs/Android_Pixel 2 INFO ] 2020-06-05 00:01:17.719 BaseTest:303 - ADD POSITION >>>912QA Lead
[logs/Android_Pixel 2 INFO ] 2020-06-05 00:01:18.344 BaseTest:303 - STOCK 1 >>>912Stock_1
[logs/Android_Pixel 2 INFO ] 2020-06-05 00:01:18.901 BaseTest:303 - STOCK 2 >>>912Stock_2
[logs/Android_Pixel 2 INFO ] 2020-06-05 00:01:19.450 BaseTest:303 - EXCHANGE 1 >>>912Exchange_1
[logs/Android_Pixel 2 INFO ] 2020-06-05 00:01:19.984 BaseTest:303 - EXCHANGE 2 >>>912Exchange_2
[logs/Android_Pixel 2 INFO ] 2020-06-05 00:01:20.016 EditVideoPage:270 - click Add Company Save
[logs/Android_Pixel 2 INFO ] 2020-06-05 00:01:25.395 EditVideoPage:228 - click 3 dot
[logs/Android_Pixel 2 INFO ] 2020-06-05 00:01:27.611 EditVideoPage:96 - click_Share_for_approval
[logs/Android_Pixel 2 INFO ] 2020-06-05 00:01:29.520 BaseTest:291 - Press login button
[logs/Android_Pixel 2 ERROR] 2020-06-05 00:01:29.591 TestListener:35 - org.json.JSONException: JSONObject["899profileSetting"] not found.
	at org.json.JSONObject.get(JSONObject.java:573)
	at org.json.JSONObject.getJSONObject(JSONObject.java:766)
	at com.qa.tests.EditVideoTest.verifyDashboardTitle(EditVideoTest.java:164)
	at java.base/jdk.internal.reflect.NativeMethodAccessorImpl.invoke0(Native Method)
	at java.base/jdk.internal.reflect.NativeMethodAccessorImpl.invoke(NativeMethodAccessorImpl.java:62)
	at java.base/jdk.internal.reflect.DelegatingMethodAccessorImpl.invoke(DelegatingMethodAccessorImpl.java:43)
	at java.base/java.lang.reflect.Method.invoke(Method.java:566)
	at org.testng.internal.MethodInvocationHelper.invokeMethod(MethodInvocationHelper.java:124)
	at org.testng.internal.Invoker.invokeMethod(Invoker.java:580)
	at org.testng.internal.Invoker.invokeTestMethod(Invoker.java:716)
	at org.testng.internal.Invoker.invokeTestMethods(Invoker.java:988)
	at org.testng.internal.TestMethodWorker.invokeTestMethods(TestMethodWorker.java:125)
	at org.testng.internal.TestMethodWorker.run(TestMethodWorker.java:109)
	at org.testng.TestRunner.privateRun(TestRunner.java:648)
	at org.testng.TestRunner.run(TestRunner.java:505)
	at org.testng.SuiteRunner.runTest(SuiteRunner.java:455)
	at org.testng.SuiteRunner.access$000(SuiteRunner.java:40)
	at org.testng.SuiteRunner$SuiteWorker.run(SuiteRunner.java:489)
	at org.testng.internal.thread.ThreadUtil$1.call(ThreadUtil.java:52)
	at java.base/java.util.concurrent.FutureTask.run(FutureTask.java:264)
	at java.base/java.util.concurrent.ThreadPoolExecutor.runWorker(ThreadPoolExecutor.java:1128)
	at java.base/java.util.concurrent.ThreadPoolExecutor$Worker.run(ThreadPoolExecutor.java:628)
	at java.base/java.lang.Thread.run(Thread.java:834)

[logs/Android_Pixel 2 INFO ] 2020-06-05 00:01:29.593 TestListener:41 - Base file name >>>com.qa.BaseTest@5ba23f22
[logs/Android_Pixel 2 INFO ] 2020-06-05 00:01:30.209 TestListener:43 - base file name/var/folders/md/dn9m3dgs71v3r6n13phj8sf80000gq/T/screenshot3672661459030192270.png
[logs/Android_Pixel 2 INFO ] 2020-06-05 00:01:30.237 EditVideoTest:82 - login test before method
[logs/Android_Pixel 2 INFO ] 2020-06-05 00:04:05.545 BaseTest:211 - log path:logs/Android_Pixel 2
[logs/Android_Pixel 2 INFO ] 2020-06-05 00:04:05.552 BaseTest:249 - appUrl is/Users/sharadgupta/Documents/automation/RunServer/target/classes/app/btv.apk
[logs/Android_Pixel 2 INFO ] 2020-06-05 00:04:19.619 EditVideoTest:70 - login test before metod
[logs/Android_Pixel 2 INFO ] 2020-06-05 00:04:19.724 EditVideoTest:77 - 
**********Starting Test******** :verifyDashboardTitle*****

[logs/Android_Pixel 2 INFO ] 2020-06-05 00:04:44.530 EditVideoTest:96 - >>>>>Marketing Screen<<<<<<
[logs/Android_Pixel 2 INFO ] 2020-06-05 00:04:49.581 BaseTest:303 - enter email id is >>>yashimittal09+1@gmail.com
[logs/Android_Pixel 2 INFO ] 2020-06-05 00:04:50.648 BaseTest:303 - enter Password is >>>Password1124!
[logs/Android_Pixel 2 INFO ] 2020-06-05 00:04:51.700 BaseTest:291 - Press login button
[logs/Android_Pixel 2 INFO ] 2020-06-05 00:04:51.757 EditVideoTest:98 - >>>>>Login Screen<<<<<<
[logs/Android_Pixel 2 INFO ] 2020-06-05 00:04:56.529 EditVideoTest:106 - Dashboard Text visible ----true
[logs/Android_Pixel 2 INFO ] 2020-06-05 00:04:57.411 EditVideoPage:137 - EDIT Button Clicked
[logs/Android_Pixel 2 INFO ] 2020-06-05 00:04:59.098 EditVideoPage:143 - EDIT Button Clicked
[logs/Android_Pixel 2 INFO ] 2020-06-05 00:05:02.095 EditVideoPage:194 - ok_button_text_view
[logs/Android_Pixel 2 INFO ] 2020-06-05 00:05:02.196 EditVideoPage:199 - save_button_text_view
[logs/Android_Pixel 2 INFO ] 2020-06-05 00:05:04.036 EditVideoPage:228 - click 3 dot
[logs/Android_Pixel 2 INFO ] 2020-06-05 00:05:06.604 EditVideoPage:234 - click 3 dot
[logs/Android_Pixel 2 INFO ] 2020-06-05 00:05:08.172 EditVideoPage:240 - edit name field
[logs/Android_Pixel 2 INFO ] 2020-06-05 00:05:08.734 BaseTest:303 - enter card number >>>sharad
[logs/Android_Pixel 2 INFO ] 2020-06-05 00:05:08.773 EditVideoPage:247 - click 3 dot
[logs/Android_Pixel 2 INFO ] 2020-06-05 00:05:09.340 EditVideoPage:228 - click 3 dot
[logs/Android_Pixel 2 INFO ] 2020-06-05 00:05:10.151 EditVideoPage:96 - click_Share_for_approval
[logs/Android_Pixel 2 INFO ] 2020-06-05 00:05:11.691 EditVideoPage:228 - click 3 dot
[logs/Android_Pixel 2 INFO ] 2020-06-05 00:05:12.781 EditVideoPage:252 - click 3 dot
[logs/Android_Pixel 2 INFO ] 2020-06-05 00:05:13.972 BaseTest:303 - ADD COMPANY NAME >>>6IBM
[logs/Android_Pixel 2 INFO ] 2020-06-05 00:05:14.506 BaseTest:303 - ADD INTERVIEWEE NAME >>>6Macbook
[logs/Android_Pixel 2 INFO ] 2020-06-05 00:05:15.059 BaseTest:303 - ADD POSITION >>>6QA Lead
[logs/Android_Pixel 2 INFO ] 2020-06-05 00:05:15.593 BaseTest:303 - STOCK 1 >>>6Stock_1
[logs/Android_Pixel 2 INFO ] 2020-06-05 00:05:16.127 BaseTest:303 - STOCK 2 >>>6Stock_2
[logs/Android_Pixel 2 INFO ] 2020-06-05 00:05:16.684 BaseTest:303 - EXCHANGE 1 >>>6Exchange_1
[logs/Android_Pixel 2 INFO ] 2020-06-05 00:05:19.357 BaseTest:303 - EXCHANGE 2 >>>6Exchange_2
[logs/Android_Pixel 2 INFO ] 2020-06-05 00:05:19.448 EditVideoPage:270 - click Add Company Save
[logs/Android_Pixel 2 INFO ] 2020-06-05 00:05:20.025 EditVideoPage:228 - click 3 dot
[logs/Android_Pixel 2 INFO ] 2020-06-05 00:05:22.325 EditVideoPage:96 - click_Share_for_approval
[logs/Android_Pixel 2 INFO ] 2020-06-05 00:05:24.158 BaseTest:291 - Press login button
[logs/Android_Pixel 2 INFO ] 2020-06-05 00:05:30.679 BaseTest:291 - save button click
[logs/Android_Pixel 2 INFO ] 2020-06-05 00:05:30.729 EditVideoPage:90 - click_home_button
[logs/Android_Pixel 2 INFO ] 2020-06-05 00:05:32.026 EditVideoPage:228 - click 3 dot
[logs/Android_Pixel 2 ERROR] 2020-06-05 00:06:32.628 TestListener:35 - org.openqa.selenium.TimeoutException: Expected condition failed: waiting for visibility of Located by By.chained({By.xpath: (//android.widget.ImageView[@content-desc="EARNINGS"])[9]}) (tried for 60 second(s) with 500 milliseconds interval)
	at org.openqa.selenium.support.ui.WebDriverWait.timeoutException(WebDriverWait.java:95)
	at org.openqa.selenium.support.ui.FluentWait.until(FluentWait.java:272)
	at com.qa.BaseTest.waitForVisibility(BaseTest.java:273)
	at com.qa.BaseTest.click(BaseTest.java:285)
	at com.qa.pages.EditVideoPage.click3DotEdit(EditVideoPage.java:229)
	at com.qa.tests.EditVideoTest.verifyDashboardTitle(EditVideoTest.java:170)
	at java.base/jdk.internal.reflect.NativeMethodAccessorImpl.invoke0(Native Method)
	at java.base/jdk.internal.reflect.NativeMethodAccessorImpl.invoke(NativeMethodAccessorImpl.java:62)
	at java.base/jdk.internal.reflect.DelegatingMethodAccessorImpl.invoke(DelegatingMethodAccessorImpl.java:43)
	at java.base/java.lang.reflect.Method.invoke(Method.java:566)
	at org.testng.internal.MethodInvocationHelper.invokeMethod(MethodInvocationHelper.java:124)
	at org.testng.internal.Invoker.invokeMethod(Invoker.java:580)
	at org.testng.internal.Invoker.invokeTestMethod(Invoker.java:716)
	at org.testng.internal.Invoker.invokeTestMethods(Invoker.java:988)
	at org.testng.internal.TestMethodWorker.invokeTestMethods(TestMethodWorker.java:125)
	at org.testng.internal.TestMethodWorker.run(TestMethodWorker.java:109)
	at org.testng.TestRunner.privateRun(TestRunner.java:648)
	at org.testng.TestRunner.run(TestRunner.java:505)
	at org.testng.SuiteRunner.runTest(SuiteRunner.java:455)
	at org.testng.SuiteRunner.access$000(SuiteRunner.java:40)
	at org.testng.SuiteRunner$SuiteWorker.run(SuiteRunner.java:489)
	at org.testng.internal.thread.ThreadUtil$1.call(ThreadUtil.java:52)
	at java.base/java.util.concurrent.FutureTask.run(FutureTask.java:264)
	at java.base/java.util.concurrent.ThreadPoolExecutor.runWorker(ThreadPoolExecutor.java:1128)
	at java.base/java.util.concurrent.ThreadPoolExecutor$Worker.run(ThreadPoolExecutor.java:628)
	at java.base/java.lang.Thread.run(Thread.java:834)
Caused by: org.openqa.selenium.NoSuchElementException: Can't locate an element by this strategy: By.chained({By.xpath: (//android.widget.ImageView[@content-desc="EARNINGS"])[9]})
	at io.appium.java_client.pagefactory.AppiumElementLocator.findElement(AppiumElementLocator.java:126)
	at io.appium.java_client.pagefactory.interceptors.InterceptorOfASingleElement.intercept(InterceptorOfASingleElement.java:59)
	at io.appium.java_client.android.AndroidElement$$EnhancerByCGLIB$$b598166c.isDisplayed(<generated>)
	at org.openqa.selenium.support.ui.ExpectedConditions.elementIfVisible(ExpectedConditions.java:314)
	at org.openqa.selenium.support.ui.ExpectedConditions.access$000(ExpectedConditions.java:43)
	at org.openqa.selenium.support.ui.ExpectedConditions$10.apply(ExpectedConditions.java:300)
	at org.openqa.selenium.support.ui.ExpectedConditions$10.apply(ExpectedConditions.java:297)
	at org.openqa.selenium.support.ui.FluentWait.until(FluentWait.java:249)
	... 24 more
Caused by: org.openqa.selenium.TimeoutException: Expected condition failed: waiting for io.appium.java_client.pagefactory.AppiumElementLocator$WaitingFunction@50244d8 (tried for 1 second(s) with 500 milliseconds interval)
	at org.openqa.selenium.support.ui.FluentWait.timeoutException(FluentWait.java:304)
	at org.openqa.selenium.support.ui.FluentWait.until(FluentWait.java:272)
	at io.appium.java_client.pagefactory.AppiumElementLocator.waitFor(AppiumElementLocator.java:99)
	at io.appium.java_client.pagefactory.AppiumElementLocator.findElement(AppiumElementLocator.java:119)
	... 31 more
Caused by: org.openqa.selenium.NoSuchElementException: Cannot locate an element using By.chained({By.xpath: (//android.widget.ImageView[@content-desc="EARNINGS"])[9]})
For documentation on this error, please visit: https://www.seleniumhq.org/exceptions/no_such_element.html
Build info: version: '3.141.59', revision: 'e82be7d358', time: '2018-11-14T08:17:03'
System info: host: 'INLaptop140.local', ip: 'fe80:0:0:0:461:b65d:48a3:293%en0', os.name: 'Mac OS X', os.arch: 'x86_64', os.version: '10.14.6', java.version: '11.0.1'
Driver info: driver.version: AndroidDriver
	at io.appium.java_client.pagefactory.bys.builder.ByChained.findElement(ByChained.java:74)
	at org.openqa.selenium.remote.RemoteWebDriver.findElement(RemoteWebDriver.java:315)
	at io.appium.java_client.DefaultGenericMobileDriver.findElement(DefaultGenericMobileDriver.java:57)
	at io.appium.java_client.AppiumDriver.findElement(AppiumDriver.java:1)
	at io.appium.java_client.android.AndroidDriver.findElement(AndroidDriver.java:1)
	at io.appium.java_client.pagefactory.bys.ContentMappedBy.findElement(ContentMappedBy.java:50)
	at org.openqa.selenium.remote.RemoteWebDriver.findElement(RemoteWebDriver.java:315)
	at io.appium.java_client.DefaultGenericMobileDriver.findElement(DefaultGenericMobileDriver.java:57)
	at io.appium.java_client.AppiumDriver.findElement(AppiumDriver.java:1)
	at io.appium.java_client.android.AndroidDriver.findElement(AndroidDriver.java:1)
	at io.appium.java_client.pagefactory.AppiumElementLocator.lambda$0(AppiumElementLocator.java:120)
	at io.appium.java_client.pagefactory.AppiumElementLocator$WaitingFunction.apply(AppiumElementLocator.java:172)
	at io.appium.java_client.pagefactory.AppiumElementLocator$WaitingFunction.apply(AppiumElementLocator.java:1)
	at org.openqa.selenium.support.ui.FluentWait.until(FluentWait.java:249)
	... 33 more

[logs/Android_Pixel 2 INFO ] 2020-06-05 00:06:32.629 TestListener:41 - Base file name >>>com.qa.BaseTest@4bbcca6f
[logs/Android_Pixel 2 INFO ] 2020-06-05 00:06:32.939 TestListener:43 - base file name/var/folders/md/dn9m3dgs71v3r6n13phj8sf80000gq/T/screenshot14509848208600761362.png
[logs/Android_Pixel 2 INFO ] 2020-06-05 00:06:32.964 EditVideoTest:82 - login test before method
[logs/Android_Pixel 2 INFO ] 2020-06-05 00:15:48.419 BaseTest:211 - log path:logs/Android_Pixel 2
[logs/Android_Pixel 2 INFO ] 2020-06-05 00:15:48.430 BaseTest:249 - appUrl is/Users/sharadgupta/Documents/automation/RunServer/target/classes/app/btv.apk
[logs/Android_Pixel 2 INFO ] 2020-06-05 00:16:06.638 EditVideoTest:70 - login test before metod
[logs/Android_Pixel 2 INFO ] 2020-06-05 00:16:06.743 EditVideoTest:77 - 
**********Starting Test******** :verifyDashboardTitle*****

[logs/Android_Pixel 2 INFO ] 2020-06-05 00:16:19.901 EditVideoTest:96 - >>>>>Marketing Screen<<<<<<
[logs/Android_Pixel 2 INFO ] 2020-06-05 00:16:23.216 BaseTest:303 - enter email id is >>>yashimittal09+1@gmail.com
[logs/Android_Pixel 2 INFO ] 2020-06-05 00:16:24.300 BaseTest:303 - enter Password is >>>Password1124!
[logs/Android_Pixel 2 INFO ] 2020-06-05 00:16:25.417 BaseTest:291 - Press login button
[logs/Android_Pixel 2 INFO ] 2020-06-05 00:16:25.481 EditVideoTest:98 - >>>>>Login Screen<<<<<<
[logs/Android_Pixel 2 INFO ] 2020-06-05 00:16:31.633 EditVideoTest:106 - Dashboard Text visible ----true
[logs/Android_Pixel 2 INFO ] 2020-06-05 00:16:32.533 EditVideoPage:137 - EDIT Button Clicked
[logs/Android_Pixel 2 INFO ] 2020-06-05 00:16:34.064 EditVideoPage:143 - EDIT Button Clicked
[logs/Android_Pixel 2 INFO ] 2020-06-05 00:16:36.828 EditVideoPage:194 - ok_button_text_view
[logs/Android_Pixel 2 INFO ] 2020-06-05 00:16:37.021 EditVideoPage:199 - save_button_text_view
[logs/Android_Pixel 2 INFO ] 2020-06-05 00:16:38.384 EditVideoPage:228 - click 3 dot
[logs/Android_Pixel 2 INFO ] 2020-06-05 00:16:40.496 EditVideoPage:234 - click 3 dot
[logs/Android_Pixel 2 INFO ] 2020-06-05 00:16:42.100 EditVideoPage:240 - edit name field
[logs/Android_Pixel 2 INFO ] 2020-06-05 00:16:42.673 BaseTest:303 - enter card number >>>sharad
[logs/Android_Pixel 2 INFO ] 2020-06-05 00:16:42.710 EditVideoPage:247 - click 3 dot
[logs/Android_Pixel 2 INFO ] 2020-06-05 00:16:43.285 EditVideoPage:228 - click 3 dot
[logs/Android_Pixel 2 INFO ] 2020-06-05 00:16:44.112 EditVideoPage:96 - click_Share_for_approval
[logs/Android_Pixel 2 INFO ] 2020-06-05 00:16:45.687 EditVideoPage:228 - click 3 dot
[logs/Android_Pixel 2 INFO ] 2020-06-05 00:16:46.793 EditVideoPage:252 - click 3 dot
[logs/Android_Pixel 2 INFO ] 2020-06-05 00:16:47.950 BaseTest:303 - ADD COMPANY NAME >>>109IBM
[logs/Android_Pixel 2 INFO ] 2020-06-05 00:16:48.488 BaseTest:303 - ADD INTERVIEWEE NAME >>>109Macbook
[logs/Android_Pixel 2 INFO ] 2020-06-05 00:16:49.042 BaseTest:303 - ADD POSITION >>>109QA Lead
[logs/Android_Pixel 2 INFO ] 2020-06-05 00:16:49.582 BaseTest:303 - STOCK 1 >>>109Stock_1
[logs/Android_Pixel 2 INFO ] 2020-06-05 00:16:50.139 BaseTest:303 - STOCK 2 >>>109Stock_2
[logs/Android_Pixel 2 INFO ] 2020-06-05 00:16:50.681 BaseTest:303 - EXCHANGE 1 >>>109Exchange_1
[logs/Android_Pixel 2 INFO ] 2020-06-05 00:16:51.219 BaseTest:303 - EXCHANGE 2 >>>109Exchange_2
[logs/Android_Pixel 2 INFO ] 2020-06-05 00:16:51.254 EditVideoPage:270 - click Add Company Save
[logs/Android_Pixel 2 INFO ] 2020-06-05 00:16:55.424 EditVideoPage:228 - click 3 dot
[logs/Android_Pixel 2 INFO ] 2020-06-05 00:16:57.666 EditVideoPage:96 - click_Share_for_approval
[logs/Android_Pixel 2 INFO ] 2020-06-05 00:16:59.597 BaseTest:291 - Press login button
[logs/Android_Pixel 2 INFO ] 2020-06-05 00:17:06.520 BaseTest:291 - save button click
[logs/Android_Pixel 2 INFO ] 2020-06-05 00:17:15.224 EditVideoPage:90 - click_home_button
[logs/Android_Pixel 2 INFO ] 2020-06-05 00:17:32.242 EditVideoPage:228 - click 3 dot
[logs/Android_Pixel 2 ERROR] 2020-06-05 00:18:32.523 TestListener:35 - org.openqa.selenium.TimeoutException: Expected condition failed: waiting for visibility of Located by By.chained({By.xpath: (//android.widget.ImageView[@content-desc="EARNINGS"])[9]}) (tried for 60 second(s) with 500 milliseconds interval)
	at org.openqa.selenium.support.ui.WebDriverWait.timeoutException(WebDriverWait.java:95)
	at org.openqa.selenium.support.ui.FluentWait.until(FluentWait.java:272)
	at com.qa.BaseTest.waitForVisibility(BaseTest.java:273)
	at com.qa.BaseTest.click(BaseTest.java:285)
	at com.qa.pages.EditVideoPage.click3DotEdit(EditVideoPage.java:229)
	at com.qa.tests.EditVideoTest.verifyDashboardTitle(EditVideoTest.java:176)
	at java.base/jdk.internal.reflect.NativeMethodAccessorImpl.invoke0(Native Method)
	at java.base/jdk.internal.reflect.NativeMethodAccessorImpl.invoke(NativeMethodAccessorImpl.java:62)
	at java.base/jdk.internal.reflect.DelegatingMethodAccessorImpl.invoke(DelegatingMethodAccessorImpl.java:43)
	at java.base/java.lang.reflect.Method.invoke(Method.java:566)
	at org.testng.internal.MethodInvocationHelper.invokeMethod(MethodInvocationHelper.java:124)
	at org.testng.internal.Invoker.invokeMethod(Invoker.java:580)
	at org.testng.internal.Invoker.invokeTestMethod(Invoker.java:716)
	at org.testng.internal.Invoker.invokeTestMethods(Invoker.java:988)
	at org.testng.internal.TestMethodWorker.invokeTestMethods(TestMethodWorker.java:125)
	at org.testng.internal.TestMethodWorker.run(TestMethodWorker.java:109)
	at org.testng.TestRunner.privateRun(TestRunner.java:648)
	at org.testng.TestRunner.run(TestRunner.java:505)
	at org.testng.SuiteRunner.runTest(SuiteRunner.java:455)
	at org.testng.SuiteRunner.access$000(SuiteRunner.java:40)
	at org.testng.SuiteRunner$SuiteWorker.run(SuiteRunner.java:489)
	at org.testng.internal.thread.ThreadUtil$1.call(ThreadUtil.java:52)
	at java.base/java.util.concurrent.FutureTask.run(FutureTask.java:264)
	at java.base/java.util.concurrent.ThreadPoolExecutor.runWorker(ThreadPoolExecutor.java:1128)
	at java.base/java.util.concurrent.ThreadPoolExecutor$Worker.run(ThreadPoolExecutor.java:628)
	at java.base/java.lang.Thread.run(Thread.java:834)
Caused by: org.openqa.selenium.NoSuchElementException: Can't locate an element by this strategy: By.chained({By.xpath: (//android.widget.ImageView[@content-desc="EARNINGS"])[9]})
	at io.appium.java_client.pagefactory.AppiumElementLocator.findElement(AppiumElementLocator.java:126)
	at io.appium.java_client.pagefactory.interceptors.InterceptorOfASingleElement.intercept(InterceptorOfASingleElement.java:59)
	at io.appium.java_client.android.AndroidElement$$EnhancerByCGLIB$$b598166c.isDisplayed(<generated>)
	at org.openqa.selenium.support.ui.ExpectedConditions.elementIfVisible(ExpectedConditions.java:314)
	at org.openqa.selenium.support.ui.ExpectedConditions.access$000(ExpectedConditions.java:43)
	at org.openqa.selenium.support.ui.ExpectedConditions$10.apply(ExpectedConditions.java:300)
	at org.openqa.selenium.support.ui.ExpectedConditions$10.apply(ExpectedConditions.java:297)
	at org.openqa.selenium.support.ui.FluentWait.until(FluentWait.java:249)
	... 24 more
Caused by: org.openqa.selenium.TimeoutException: Expected condition failed: waiting for io.appium.java_client.pagefactory.AppiumElementLocator$WaitingFunction@75c034e4 (tried for 1 second(s) with 500 milliseconds interval)
	at org.openqa.selenium.support.ui.FluentWait.timeoutException(FluentWait.java:304)
	at org.openqa.selenium.support.ui.FluentWait.until(FluentWait.java:272)
	at io.appium.java_client.pagefactory.AppiumElementLocator.waitFor(AppiumElementLocator.java:99)
	at io.appium.java_client.pagefactory.AppiumElementLocator.findElement(AppiumElementLocator.java:119)
	... 31 more
Caused by: org.openqa.selenium.NoSuchElementException: Cannot locate an element using By.chained({By.xpath: (//android.widget.ImageView[@content-desc="EARNINGS"])[9]})
For documentation on this error, please visit: https://www.seleniumhq.org/exceptions/no_such_element.html
Build info: version: '3.141.59', revision: 'e82be7d358', time: '2018-11-14T08:17:03'
System info: host: 'INLaptop140.local', ip: 'fe80:0:0:0:461:b65d:48a3:293%en0', os.name: 'Mac OS X', os.arch: 'x86_64', os.version: '10.14.6', java.version: '11.0.1'
Driver info: driver.version: AndroidDriver
	at io.appium.java_client.pagefactory.bys.builder.ByChained.findElement(ByChained.java:74)
	at org.openqa.selenium.remote.RemoteWebDriver.findElement(RemoteWebDriver.java:315)
	at io.appium.java_client.DefaultGenericMobileDriver.findElement(DefaultGenericMobileDriver.java:57)
	at io.appium.java_client.AppiumDriver.findElement(AppiumDriver.java:1)
	at io.appium.java_client.android.AndroidDriver.findElement(AndroidDriver.java:1)
	at io.appium.java_client.pagefactory.bys.ContentMappedBy.findElement(ContentMappedBy.java:50)
	at org.openqa.selenium.remote.RemoteWebDriver.findElement(RemoteWebDriver.java:315)
	at io.appium.java_client.DefaultGenericMobileDriver.findElement(DefaultGenericMobileDriver.java:57)
	at io.appium.java_client.AppiumDriver.findElement(AppiumDriver.java:1)
	at io.appium.java_client.android.AndroidDriver.findElement(AndroidDriver.java:1)
	at io.appium.java_client.pagefactory.AppiumElementLocator.lambda$0(AppiumElementLocator.java:120)
	at io.appium.java_client.pagefactory.AppiumElementLocator$WaitingFunction.apply(AppiumElementLocator.java:172)
	at io.appium.java_client.pagefactory.AppiumElementLocator$WaitingFunction.apply(AppiumElementLocator.java:1)
	at org.openqa.selenium.support.ui.FluentWait.until(FluentWait.java:249)
	... 33 more

[logs/Android_Pixel 2 INFO ] 2020-06-05 00:20:01.346 TestListener:41 - Base file name >>>com.qa.BaseTest@15277556
[logs/Android_Pixel 2 INFO ] 2020-06-05 00:20:01.749 TestListener:43 - base file name/var/folders/md/dn9m3dgs71v3r6n13phj8sf80000gq/T/screenshot16242532276941211635.png
[logs/Android_Pixel 2 INFO ] 2020-06-05 00:20:01.778 EditVideoTest:82 - login test before method
[logs/Android_Pixel 2 INFO ] 2020-06-05 00:33:57.486 BaseTest:211 - log path:logs/Android_Pixel 2
[logs/Android_Pixel 2 INFO ] 2020-06-05 00:33:57.494 BaseTest:249 - appUrl is/Users/sharadgupta/Documents/automation/RunServer/target/classes/app/btv.apk
[logs/Android_Pixel 2 INFO ] 2020-06-05 00:34:14.009 EditVideoTest:70 - login test before metod
[logs/Android_Pixel 2 INFO ] 2020-06-05 00:34:14.113 EditVideoTest:77 - 
**********Starting Test******** :verifyDashboardTitle*****

[logs/Android_Pixel 2 INFO ] 2020-06-05 00:34:28.810 EditVideoTest:96 - >>>>>Marketing Screen<<<<<<
[logs/Android_Pixel 2 INFO ] 2020-06-05 00:34:34.214 BaseTest:303 - enter email id is >>>yashimittal09+1@gmail.com
[logs/Android_Pixel 2 INFO ] 2020-06-05 00:34:35.456 BaseTest:303 - enter Password is >>>Password1124!
[logs/Android_Pixel 2 INFO ] 2020-06-05 00:34:36.526 BaseTest:291 - Press login button
[logs/Android_Pixel 2 INFO ] 2020-06-05 00:34:36.608 EditVideoTest:98 - >>>>>Login Screen<<<<<<
[logs/Android_Pixel 2 INFO ] 2020-06-05 00:34:42.638 EditVideoTest:106 - Dashboard Text visible ----true
[logs/Android_Pixel 2 INFO ] 2020-06-05 00:34:43.490 EditVideoPage:141 - EDIT Button Clicked
[logs/Android_Pixel 2 INFO ] 2020-06-05 00:34:44.920 EditVideoPage:147 - EDIT Button Clicked
[logs/Android_Pixel 2 INFO ] 2020-06-05 00:34:47.992 EditVideoPage:198 - ok_button_text_view
[logs/Android_Pixel 2 INFO ] 2020-06-05 00:34:48.094 EditVideoPage:203 - save_button_text_view
[logs/Android_Pixel 2 INFO ] 2020-06-05 00:34:49.978 EditVideoPage:232 - click 3 dot
[logs/Android_Pixel 2 INFO ] 2020-06-05 00:34:52.417 EditVideoPage:238 - click 3 dot
[logs/Android_Pixel 2 INFO ] 2020-06-05 00:34:53.172 EditVideoPage:244 - edit name field
[logs/Android_Pixel 2 INFO ] 2020-06-05 00:34:53.738 BaseTest:303 - enter card number >>>sharad
[logs/Android_Pixel 2 INFO ] 2020-06-05 00:34:53.778 EditVideoPage:251 - click 3 dot
[logs/Android_Pixel 2 INFO ] 2020-06-05 00:34:54.341 EditVideoPage:232 - click 3 dot
[logs/Android_Pixel 2 INFO ] 2020-06-05 00:34:55.128 EditVideoPage:100 - click_Share_for_approval
[logs/Android_Pixel 2 INFO ] 2020-06-05 00:34:56.666 EditVideoPage:232 - click 3 dot
[logs/Android_Pixel 2 INFO ] 2020-06-05 00:34:56.970 EditVideoPage:256 - click 3 dot
[logs/Android_Pixel 2 INFO ] 2020-06-05 00:34:58.970 BaseTest:303 - ADD COMPANY NAME >>>572IBM
[logs/Android_Pixel 2 INFO ] 2020-06-05 00:34:59.514 BaseTest:303 - ADD INTERVIEWEE NAME >>>572Macbook
[logs/Android_Pixel 2 INFO ] 2020-06-05 00:35:00.060 BaseTest:303 - ADD POSITION >>>572QA Lead
[logs/Android_Pixel 2 INFO ] 2020-06-05 00:35:01.065 BaseTest:303 - STOCK 1 >>>572Stock_1
[logs/Android_Pixel 2 INFO ] 2020-06-05 00:35:01.598 BaseTest:303 - STOCK 2 >>>572Stock_2
[logs/Android_Pixel 2 INFO ] 2020-06-05 00:35:02.147 BaseTest:303 - EXCHANGE 1 >>>572Exchange_1
[logs/Android_Pixel 2 INFO ] 2020-06-05 00:35:02.684 BaseTest:303 - EXCHANGE 2 >>>572Exchange_2
[logs/Android_Pixel 2 INFO ] 2020-06-05 00:35:02.716 EditVideoPage:274 - click Add Company Save
[logs/Android_Pixel 2 INFO ] 2020-06-05 00:35:14.434 EditVideoPage:232 - click 3 dot
[logs/Android_Pixel 2 INFO ] 2020-06-05 00:35:16.368 EditVideoPage:100 - click_Share_for_approval
[logs/Android_Pixel 2 INFO ] 2020-06-05 00:35:18.592 BaseTest:291 - Press login button
[logs/Android_Pixel 2 INFO ] 2020-06-05 00:35:25.127 BaseTest:291 - save button click
[logs/Android_Pixel 2 INFO ] 2020-06-05 00:35:25.193 EditVideoPage:94 - click_home_button
[logs/Android_Pixel 2 INFO ] 2020-06-05 00:35:36.534 EditVideoPage:141 - EDIT Button Clicked
[logs/Android_Pixel 2 INFO ] 2020-06-05 00:35:36.633 EditVideoPage:100 - click_Share_for_approval
[logs/Android_Pixel 2 INFO ] 2020-06-05 00:35:38.452 BaseTest:303 - reviewer_name_edit_text >>>849Reviewer's Name
[logs/Android_Pixel 2 INFO ] 2020-06-05 00:35:38.983 BaseTest:303 - reviewer_email_edit_text >>>849yashimittal09849@gmail.com
[logs/Android_Pixel 2 INFO ] 2020-06-05 00:35:39.013 EditVideoPage:110 - click_on_cross_icon
[logs/Android_Pixel 2 ERROR] 2020-06-05 00:36:40.024 TestListener:35 - org.openqa.selenium.TimeoutException: Expected condition failed: waiting for visibility of Located by By.chained({By.xpath: (//android.widget.ImageView[@content-desc="EARNINGS"])[4]}) (tried for 60 second(s) with 500 milliseconds interval)
	at org.openqa.selenium.support.ui.WebDriverWait.timeoutException(WebDriverWait.java:95)
	at org.openqa.selenium.support.ui.FluentWait.until(FluentWait.java:272)
	at com.qa.BaseTest.waitForVisibility(BaseTest.java:273)
	at com.qa.BaseTest.click(BaseTest.java:285)
	at com.qa.pages.EditVideoPage.clickAddNewUser(EditVideoPage.java:111)
	at com.qa.tests.EditVideoTest.verifyDashboardTitle(EditVideoTest.java:183)
	at java.base/jdk.internal.reflect.NativeMethodAccessorImpl.invoke0(Native Method)
	at java.base/jdk.internal.reflect.NativeMethodAccessorImpl.invoke(NativeMethodAccessorImpl.java:62)
	at java.base/jdk.internal.reflect.DelegatingMethodAccessorImpl.invoke(DelegatingMethodAccessorImpl.java:43)
	at java.base/java.lang.reflect.Method.invoke(Method.java:566)
	at org.testng.internal.MethodInvocationHelper.invokeMethod(MethodInvocationHelper.java:124)
	at org.testng.internal.Invoker.invokeMethod(Invoker.java:580)
	at org.testng.internal.Invoker.invokeTestMethod(Invoker.java:716)
	at org.testng.internal.Invoker.invokeTestMethods(Invoker.java:988)
	at org.testng.internal.TestMethodWorker.invokeTestMethods(TestMethodWorker.java:125)
	at org.testng.internal.TestMethodWorker.run(TestMethodWorker.java:109)
	at org.testng.TestRunner.privateRun(TestRunner.java:648)
	at org.testng.TestRunner.run(TestRunner.java:505)
	at org.testng.SuiteRunner.runTest(SuiteRunner.java:455)
	at org.testng.SuiteRunner.access$000(SuiteRunner.java:40)
	at org.testng.SuiteRunner$SuiteWorker.run(SuiteRunner.java:489)
	at org.testng.internal.thread.ThreadUtil$1.call(ThreadUtil.java:52)
	at java.base/java.util.concurrent.FutureTask.run(FutureTask.java:264)
	at java.base/java.util.concurrent.ThreadPoolExecutor.runWorker(ThreadPoolExecutor.java:1128)
	at java.base/java.util.concurrent.ThreadPoolExecutor$Worker.run(ThreadPoolExecutor.java:628)
	at java.base/java.lang.Thread.run(Thread.java:834)
Caused by: org.openqa.selenium.NoSuchElementException: Can't locate an element by this strategy: By.chained({By.xpath: (//android.widget.ImageView[@content-desc="EARNINGS"])[4]})
	at io.appium.java_client.pagefactory.AppiumElementLocator.findElement(AppiumElementLocator.java:126)
	at io.appium.java_client.pagefactory.interceptors.InterceptorOfASingleElement.intercept(InterceptorOfASingleElement.java:59)
	at io.appium.java_client.android.AndroidElement$$EnhancerByCGLIB$$b598166c.isDisplayed(<generated>)
	at org.openqa.selenium.support.ui.ExpectedConditions.elementIfVisible(ExpectedConditions.java:314)
	at org.openqa.selenium.support.ui.ExpectedConditions.access$000(ExpectedConditions.java:43)
	at org.openqa.selenium.support.ui.ExpectedConditions$10.apply(ExpectedConditions.java:300)
	at org.openqa.selenium.support.ui.ExpectedConditions$10.apply(ExpectedConditions.java:297)
	at org.openqa.selenium.support.ui.FluentWait.until(FluentWait.java:249)
	... 24 more
Caused by: org.openqa.selenium.TimeoutException: Expected condition failed: waiting for io.appium.java_client.pagefactory.AppiumElementLocator$WaitingFunction@16eb9b91 (tried for 1 second(s) with 500 milliseconds interval)
	at org.openqa.selenium.support.ui.FluentWait.timeoutException(FluentWait.java:304)
	at org.openqa.selenium.support.ui.FluentWait.until(FluentWait.java:272)
	at io.appium.java_client.pagefactory.AppiumElementLocator.waitFor(AppiumElementLocator.java:99)
	at io.appium.java_client.pagefactory.AppiumElementLocator.findElement(AppiumElementLocator.java:119)
	... 31 more
Caused by: org.openqa.selenium.NoSuchElementException: Cannot locate an element using By.chained({By.xpath: (//android.widget.ImageView[@content-desc="EARNINGS"])[4]})
For documentation on this error, please visit: https://www.seleniumhq.org/exceptions/no_such_element.html
Build info: version: '3.141.59', revision: 'e82be7d358', time: '2018-11-14T08:17:03'
System info: host: 'INLaptop140.local', ip: 'fe80:0:0:0:461:b65d:48a3:293%en0', os.name: 'Mac OS X', os.arch: 'x86_64', os.version: '10.14.6', java.version: '11.0.1'
Driver info: driver.version: AndroidDriver
	at io.appium.java_client.pagefactory.bys.builder.ByChained.findElement(ByChained.java:74)
	at org.openqa.selenium.remote.RemoteWebDriver.findElement(RemoteWebDriver.java:315)
	at io.appium.java_client.DefaultGenericMobileDriver.findElement(DefaultGenericMobileDriver.java:57)
	at io.appium.java_client.AppiumDriver.findElement(AppiumDriver.java:1)
	at io.appium.java_client.android.AndroidDriver.findElement(AndroidDriver.java:1)
	at io.appium.java_client.pagefactory.bys.ContentMappedBy.findElement(ContentMappedBy.java:50)
	at org.openqa.selenium.remote.RemoteWebDriver.findElement(RemoteWebDriver.java:315)
	at io.appium.java_client.DefaultGenericMobileDriver.findElement(DefaultGenericMobileDriver.java:57)
	at io.appium.java_client.AppiumDriver.findElement(AppiumDriver.java:1)
	at io.appium.java_client.android.AndroidDriver.findElement(AndroidDriver.java:1)
	at io.appium.java_client.pagefactory.AppiumElementLocator.lambda$0(AppiumElementLocator.java:120)
	at io.appium.java_client.pagefactory.AppiumElementLocator$WaitingFunction.apply(AppiumElementLocator.java:172)
	at io.appium.java_client.pagefactory.AppiumElementLocator$WaitingFunction.apply(AppiumElementLocator.java:1)
	at org.openqa.selenium.support.ui.FluentWait.until(FluentWait.java:249)
	... 33 more

[logs/Android_Pixel 2 INFO ] 2020-06-05 00:36:40.026 TestListener:41 - Base file name >>>com.qa.BaseTest@18ca5758
[logs/Android_Pixel 2 INFO ] 2020-06-05 00:36:40.336 TestListener:43 - base file name/var/folders/md/dn9m3dgs71v3r6n13phj8sf80000gq/T/screenshot16125079200485884490.png
[logs/Android_Pixel 2 INFO ] 2020-06-05 00:36:40.366 EditVideoTest:82 - login test before method
[logs/Android_Pixel 2 INFO ] 2020-06-05 00:39:18.346 BaseTest:211 - log path:logs/Android_Pixel 2
[logs/Android_Pixel 2 INFO ] 2020-06-05 00:39:18.355 BaseTest:249 - appUrl is/Users/sharadgupta/Documents/automation/RunServer/target/classes/app/btv.apk
[logs/Android_Pixel 2 INFO ] 2020-06-05 00:39:32.247 EditVideoTest:70 - login test before metod
[logs/Android_Pixel 2 INFO ] 2020-06-05 00:39:32.353 EditVideoTest:77 - 
**********Starting Test******** :verifyDashboardTitle*****

[logs/Android_Pixel 2 INFO ] 2020-06-05 00:40:38.347 EditVideoTest:96 - >>>>>Marketing Screen<<<<<<
[logs/Android_Pixel 2 INFO ] 2020-06-05 00:40:40.663 BaseTest:303 - enter email id is >>>yashimittal09+1@gmail.com
[logs/Android_Pixel 2 INFO ] 2020-06-05 00:40:41.241 BaseTest:303 - enter Password is >>>Password1124!
[logs/Android_Pixel 2 INFO ] 2020-06-05 00:40:42.311 BaseTest:291 - Press login button
[logs/Android_Pixel 2 INFO ] 2020-06-05 00:40:42.386 EditVideoTest:98 - >>>>>Login Screen<<<<<<
[logs/Android_Pixel 2 INFO ] 2020-06-05 00:40:53.384 EditVideoTest:106 - Dashboard Text visible ----true
[logs/Android_Pixel 2 INFO ] 2020-06-05 00:40:54.233 EditVideoPage:141 - EDIT Button Clicked
[logs/Android_Pixel 2 INFO ] 2020-06-05 00:40:55.719 EditVideoPage:147 - EDIT Button Clicked
[logs/Android_Pixel 2 INFO ] 2020-06-05 00:40:58.699 EditVideoPage:198 - ok_button_text_view
[logs/Android_Pixel 2 INFO ] 2020-06-05 00:40:58.799 EditVideoPage:203 - save_button_text_view
[logs/Android_Pixel 2 INFO ] 2020-06-05 00:41:02.565 EditVideoPage:232 - click 3 dot
[logs/Android_Pixel 2 INFO ] 2020-06-05 00:41:03.744 EditVideoPage:238 - click 3 dot
[logs/Android_Pixel 2 INFO ] 2020-06-05 00:41:04.833 EditVideoPage:244 - edit name field
[logs/Android_Pixel 2 INFO ] 2020-06-05 00:41:05.418 BaseTest:303 - enter card number >>>sharad
[logs/Android_Pixel 2 INFO ] 2020-06-05 00:41:05.462 EditVideoPage:251 - click 3 dot
[logs/Android_Pixel 2 INFO ] 2020-06-05 00:41:06.049 EditVideoPage:232 - click 3 dot
[logs/Android_Pixel 2 INFO ] 2020-06-05 00:41:06.978 EditVideoPage:100 - click_Share_for_approval
[logs/Android_Pixel 2 INFO ] 2020-06-05 00:41:08.536 EditVideoPage:232 - click 3 dot
[logs/Android_Pixel 2 INFO ] 2020-06-05 00:41:09.694 EditVideoPage:256 - click 3 dot
[logs/Android_Pixel 2 INFO ] 2020-06-05 00:41:10.984 BaseTest:303 - ADD COMPANY NAME >>>381IBM
[logs/Android_Pixel 2 INFO ] 2020-06-05 00:41:11.529 BaseTest:303 - ADD INTERVIEWEE NAME >>>381Macbook
[logs/Android_Pixel 2 INFO ] 2020-06-05 00:41:12.060 BaseTest:303 - ADD POSITION >>>381QA Lead
[logs/Android_Pixel 2 INFO ] 2020-06-05 00:41:12.594 BaseTest:303 - STOCK 1 >>>381Stock_1
[logs/Android_Pixel 2 INFO ] 2020-06-05 00:41:14.746 BaseTest:303 - STOCK 2 >>>381Stock_2
[logs/Android_Pixel 2 INFO ] 2020-06-05 00:41:15.347 BaseTest:303 - EXCHANGE 1 >>>381Exchange_1
[logs/Android_Pixel 2 INFO ] 2020-06-05 00:41:15.883 BaseTest:303 - EXCHANGE 2 >>>381Exchange_2
[logs/Android_Pixel 2 INFO ] 2020-06-05 00:41:15.911 EditVideoPage:274 - click Add Company Save
[logs/Android_Pixel 2 INFO ] 2020-06-05 00:41:16.475 EditVideoPage:232 - click 3 dot
[logs/Android_Pixel 2 INFO ] 2020-06-05 00:41:18.687 EditVideoPage:100 - click_Share_for_approval
[logs/Android_Pixel 2 INFO ] 2020-06-05 00:41:20.626 BaseTest:291 - Press login button
[logs/Android_Pixel 2 INFO ] 2020-06-05 00:41:27.109 BaseTest:291 - save button click
[logs/Android_Pixel 2 INFO ] 2020-06-05 00:41:27.162 EditVideoPage:94 - click_home_button
[logs/Android_Pixel 2 INFO ] 2020-06-05 00:41:38.432 EditVideoPage:141 - EDIT Button Clicked
[logs/Android_Pixel 2 INFO ] 2020-06-05 00:41:38.549 EditVideoPage:100 - click_Share_for_approval
[logs/Android_Pixel 2 INFO ] 2020-06-05 00:41:40.349 BaseTest:303 - reviewer_name_edit_text >>>261Reviewer's Name
[logs/Android_Pixel 2 INFO ] 2020-06-05 00:41:40.894 BaseTest:303 - reviewer_email_edit_text >>>yashimittal09261@gmail.com
[logs/Android_Pixel 2 INFO ] 2020-06-05 00:41:40.927 EditVideoPage:115 - invite_reviewer_text_view
[logs/Android_Pixel 2 INFO ] 2020-06-05 00:41:42.345 EditVideoTest:82 - login test before method
[logs/Android_Pixel 2 INFO ] 2020-06-05 01:04:59.652 BaseTest:211 - log path:logs/Android_Pixel 2
[logs/Android_Pixel 2 INFO ] 2020-06-05 01:04:59.661 BaseTest:249 - appUrl is/Users/sharadgupta/Documents/automation/RunServer/target/classes/app/btv.apk
[logs/Android_Pixel 2 INFO ] 2020-06-05 01:05:13.737 EditVideoTest:70 - login test before metod
[logs/Android_Pixel 2 INFO ] 2020-06-05 01:05:13.873 EditVideoTest:77 - 
**********Starting Test******** :verifyDashboardTitle*****

[logs/Android_Pixel 2 INFO ] 2020-06-05 01:05:34.189 EditVideoTest:96 - >>>>>Marketing Screen<<<<<<
[logs/Android_Pixel 2 INFO ] 2020-06-05 01:05:40.199 BaseTest:303 - enter email id is >>>yashimittal09+1@gmail.com
[logs/Android_Pixel 2 INFO ] 2020-06-05 01:05:41.768 BaseTest:303 - enter Password is >>>Password1124!
[logs/Android_Pixel 2 INFO ] 2020-06-05 01:05:42.813 BaseTest:291 - Press login button
[logs/Android_Pixel 2 INFO ] 2020-06-05 01:05:42.884 EditVideoTest:98 - >>>>>Login Screen<<<<<<
[logs/Android_Pixel 2 INFO ] 2020-06-05 01:05:47.958 EditVideoTest:106 - Dashboard Text visible ----true
[logs/Android_Pixel 2 INFO ] 2020-06-05 01:05:48.829 EditVideoPage:141 - EDIT Button Clicked
[logs/Android_Pixel 2 INFO ] 2020-06-05 01:05:50.469 EditVideoPage:147 - EDIT Button Clicked
[logs/Android_Pixel 2 INFO ] 2020-06-05 01:05:53.399 EditVideoPage:198 - ok_button_text_view
[logs/Android_Pixel 2 INFO ] 2020-06-05 01:05:53.510 EditVideoPage:203 - save_button_text_view
[logs/Android_Pixel 2 INFO ] 2020-06-05 01:05:55.313 EditVideoPage:232 - click 3 dot
[logs/Android_Pixel 2 INFO ] 2020-06-05 01:05:56.996 EditVideoPage:238 - click 3 dot
[logs/Android_Pixel 2 INFO ] 2020-06-05 01:05:58.580 EditVideoPage:244 - edit name field
[logs/Android_Pixel 2 INFO ] 2020-06-05 01:05:59.135 BaseTest:303 - enter card number >>>sharad
[logs/Android_Pixel 2 INFO ] 2020-06-05 01:05:59.169 EditVideoPage:251 - click 3 dot
[logs/Android_Pixel 2 INFO ] 2020-06-05 01:06:00.265 EditVideoPage:232 - click 3 dot
[logs/Android_Pixel 2 INFO ] 2020-06-05 01:06:01.868 EditVideoPage:100 - click_Share_for_approval
[logs/Android_Pixel 2 INFO ] 2020-06-05 01:06:02.593 EditVideoPage:232 - click 3 dot
[logs/Android_Pixel 2 INFO ] 2020-06-05 01:06:02.882 EditVideoPage:256 - click 3 dot
[logs/Android_Pixel 2 INFO ] 2020-06-05 01:06:05.716 BaseTest:303 - ADD COMPANY NAME >>>335IBM
[logs/Android_Pixel 2 INFO ] 2020-06-05 01:06:06.282 BaseTest:303 - ADD INTERVIEWEE NAME >>>335Macbook
[logs/Android_Pixel 2 INFO ] 2020-06-05 01:06:06.860 BaseTest:303 - ADD POSITION >>>335QA Lead
[logs/Android_Pixel 2 INFO ] 2020-06-05 01:06:08.812 BaseTest:303 - STOCK 1 >>>335Stock_1
[logs/Android_Pixel 2 INFO ] 2020-06-05 01:06:09.405 BaseTest:303 - STOCK 2 >>>335Stock_2
[logs/Android_Pixel 2 INFO ] 2020-06-05 01:06:09.950 BaseTest:303 - EXCHANGE 1 >>>335Exchange_1
[logs/Android_Pixel 2 INFO ] 2020-06-05 01:06:10.929 BaseTest:303 - EXCHANGE 2 >>>335Exchange_2
[logs/Android_Pixel 2 INFO ] 2020-06-05 01:06:10.959 EditVideoPage:274 - click Add Company Save
[logs/Android_Pixel 2 INFO ] 2020-06-05 01:06:11.525 EditVideoPage:232 - click 3 dot
[logs/Android_Pixel 2 INFO ] 2020-06-05 01:06:13.019 EditVideoPage:100 - click_Share_for_approval
[logs/Android_Pixel 2 INFO ] 2020-06-05 01:06:15.610 BaseTest:291 - Press login button
[logs/Android_Pixel 2 INFO ] 2020-06-05 01:06:22.141 BaseTest:291 - save button click
[logs/Android_Pixel 2 INFO ] 2020-06-05 01:06:22.203 EditVideoPage:94 - click_home_button
[logs/Android_Pixel 2 INFO ] 2020-06-05 01:06:33.457 EditVideoPage:141 - EDIT Button Clicked
[logs/Android_Pixel 2 INFO ] 2020-06-05 01:06:33.549 EditVideoPage:100 - click_Share_for_approval
[logs/Android_Pixel 2 INFO ] 2020-06-05 01:06:35.652 BaseTest:303 - reviewer_name_edit_text >>>273Reviewer's Name
[logs/Android_Pixel 2 INFO ] 2020-06-05 01:06:36.185 BaseTest:303 - reviewer_email_edit_text >>>yashimittal09+273@gmail.com
[logs/Android_Pixel 2 INFO ] 2020-06-05 01:06:36.215 EditVideoPage:115 - invite_reviewer_text_view
[logs/Android_Pixel 2 INFO ] 2020-06-05 01:06:56.826 EditVideoTest:82 - login test before method
[logs/Android_Pixel 2 INFO ] 2020-06-05 01:07:45.384 BaseTest:211 - log path:logs/Android_Pixel 2
[logs/Android_Pixel 2 INFO ] 2020-06-05 01:07:45.394 BaseTest:249 - appUrl is/Users/sharadgupta/Documents/automation/RunServer/target/classes/app/btv.apk
[logs/Android_Pixel 2 INFO ] 2020-06-05 01:08:00.604 EditVideoTest:70 - login test before metod
[logs/Android_Pixel 2 INFO ] 2020-06-05 01:08:00.744 EditVideoTest:77 - 
**********Starting Test******** :verifyDashboardTitle*****

[logs/Android_Pixel 2 ERROR] 2020-06-05 01:08:00.935 TestListener:35 - org.openqa.selenium.WebDriverException: org.openqa.selenium.WebDriverException: An unknown server-side error occurred while processing the command. Original error: Could not proxy command to remote server. Original error: Error: connect ECONNREFUSED 127.0.0.1:10000
Build info: version: '3.141.59', revision: 'e82be7d358', time: '2018-11-14T08:17:03'
System info: host: 'INLaptop140.local', ip: 'fe80:0:0:0:461:b65d:48a3:293%en0', os.name: 'Mac OS X', os.arch: 'x86_64', os.version: '10.14.6', java.version: '11.0.1'
Driver info: io.appium.java_client.android.AndroidDriver
Capabilities {app: /Users/sharadgupta/Document..., appActivity: .modules.splash.SplashActivity, appPackage: com.earningvideo, autoGrantPermissions: true, automationName: UiAutomator2, databaseEnabled: false, desired: {app: /Users/sharadgupta/Document..., appActivity: .modules.splash.SplashActivity, appPackage: com.earningvideo, autoGrantPermissions: true, automationName: UiAutomator2, deviceName: Pixel 2, noRest: true, platformName: android, resetKeyboard: true, systemPort: 10000, udid: emulator-5554, unicodeKeyboard: true}, deviceApiLevel: 29, deviceManufacturer: Google, deviceModel: Android SDK built for x86, deviceName: emulator-5554, deviceScreenDensity: 420, deviceScreenSize: 1080x1920, deviceUDID: emulator-5554, javascriptEnabled: true, locationContextEnabled: false, networkConnectionEnabled: true, noRest: true, pixelRatio: 2.625, platform: LINUX, platformName: Android, platformVersion: 10, resetKeyboard: true, statBarHeight: 63, systemPort: 10000, takesScreenshot: true, udid: emulator-5554, unicodeKeyboard: true, viewportRect: {height: 1731, left: 0, top: 63, width: 1080}, warnings: {}, webStorageEnabled: false}
Session ID: 1d5ba937-ee9c-474b-b768-194455cad2f1
*** Element info: {Using=id, value=com.earningvideo:id/record_button}
	at io.appium.java_client.pagefactory.AppiumElementLocator$WaitingFunction.apply(AppiumElementLocator.java:192)
	at io.appium.java_client.pagefactory.AppiumElementLocator$WaitingFunction.apply(AppiumElementLocator.java:1)
	at org.openqa.selenium.support.ui.FluentWait.until(FluentWait.java:249)
	at io.appium.java_client.pagefactory.AppiumElementLocator.waitFor(AppiumElementLocator.java:99)
	at io.appium.java_client.pagefactory.AppiumElementLocator.findElement(AppiumElementLocator.java:119)
	at io.appium.java_client.pagefactory.interceptors.InterceptorOfASingleElement.intercept(InterceptorOfASingleElement.java:59)
	at io.appium.java_client.android.AndroidElement$$EnhancerByCGLIB$$b598166c.isDisplayed(<generated>)
	at org.openqa.selenium.support.ui.ExpectedConditions.elementIfVisible(ExpectedConditions.java:314)
	at org.openqa.selenium.support.ui.ExpectedConditions.access$000(ExpectedConditions.java:43)
	at org.openqa.selenium.support.ui.ExpectedConditions$10.apply(ExpectedConditions.java:300)
	at org.openqa.selenium.support.ui.ExpectedConditions$10.apply(ExpectedConditions.java:297)
	at org.openqa.selenium.support.ui.FluentWait.until(FluentWait.java:249)
	at com.qa.BaseTest.waitForVisibility(BaseTest.java:273)
	at com.qa.BaseTest.click(BaseTest.java:285)
	at com.qa.pages.MarketingPage.recordingButton(MarketingPage.java:30)
	at com.qa.pages.MarketingPage.marketingScreens(MarketingPage.java:56)
	at com.qa.tests.EditVideoTest.verifyDashboardTitle(EditVideoTest.java:95)
	at java.base/jdk.internal.reflect.NativeMethodAccessorImpl.invoke0(Native Method)
	at java.base/jdk.internal.reflect.NativeMethodAccessorImpl.invoke(NativeMethodAccessorImpl.java:62)
	at java.base/jdk.internal.reflect.DelegatingMethodAccessorImpl.invoke(DelegatingMethodAccessorImpl.java:43)
	at java.base/java.lang.reflect.Method.invoke(Method.java:566)
	at org.testng.internal.MethodInvocationHelper.invokeMethod(MethodInvocationHelper.java:124)
	at org.testng.internal.Invoker.invokeMethod(Invoker.java:580)
	at org.testng.internal.Invoker.invokeTestMethod(Invoker.java:716)
	at org.testng.internal.Invoker.invokeTestMethods(Invoker.java:988)
	at org.testng.internal.TestMethodWorker.invokeTestMethods(TestMethodWorker.java:125)
	at org.testng.internal.TestMethodWorker.run(TestMethodWorker.java:109)
	at org.testng.TestRunner.privateRun(TestRunner.java:648)
	at org.testng.TestRunner.run(TestRunner.java:505)
	at org.testng.SuiteRunner.runTest(SuiteRunner.java:455)
	at org.testng.SuiteRunner.access$000(SuiteRunner.java:40)
	at org.testng.SuiteRunner$SuiteWorker.run(SuiteRunner.java:489)
	at org.testng.internal.thread.ThreadUtil$1.call(ThreadUtil.java:52)
	at java.base/java.util.concurrent.FutureTask.run(FutureTask.java:264)
	at java.base/java.util.concurrent.ThreadPoolExecutor.runWorker(ThreadPoolExecutor.java:1128)
	at java.base/java.util.concurrent.ThreadPoolExecutor$Worker.run(ThreadPoolExecutor.java:628)
	at java.base/java.lang.Thread.run(Thread.java:834)
Caused by: org.openqa.selenium.WebDriverException: An unknown server-side error occurred while processing the command. Original error: Could not proxy command to remote server. Original error: Error: connect ECONNREFUSED 127.0.0.1:10000
Build info: version: '3.141.59', revision: 'e82be7d358', time: '2018-11-14T08:17:03'
System info: host: 'INLaptop140.local', ip: 'fe80:0:0:0:461:b65d:48a3:293%en0', os.name: 'Mac OS X', os.arch: 'x86_64', os.version: '10.14.6', java.version: '11.0.1'
Driver info: io.appium.java_client.android.AndroidDriver
Capabilities {app: /Users/sharadgupta/Document..., appActivity: .modules.splash.SplashActivity, appPackage: com.earningvideo, autoGrantPermissions: true, automationName: UiAutomator2, databaseEnabled: false, desired: {app: /Users/sharadgupta/Document..., appActivity: .modules.splash.SplashActivity, appPackage: com.earningvideo, autoGrantPermissions: true, automationName: UiAutomator2, deviceName: Pixel 2, noRest: true, platformName: android, resetKeyboard: true, systemPort: 10000, udid: emulator-5554, unicodeKeyboard: true}, deviceApiLevel: 29, deviceManufacturer: Google, deviceModel: Android SDK built for x86, deviceName: emulator-5554, deviceScreenDensity: 420, deviceScreenSize: 1080x1920, deviceUDID: emulator-5554, javascriptEnabled: true, locationContextEnabled: false, networkConnectionEnabled: true, noRest: true, pixelRatio: 2.625, platform: LINUX, platformName: Android, platformVersion: 10, resetKeyboard: true, statBarHeight: 63, systemPort: 10000, takesScreenshot: true, udid: emulator-5554, unicodeKeyboard: true, viewportRect: {height: 1731, left: 0, top: 63, width: 1080}, warnings: {}, webStorageEnabled: false}
Session ID: 1d5ba937-ee9c-474b-b768-194455cad2f1
*** Element info: {Using=id, value=com.earningvideo:id/record_button}
	at java.base/jdk.internal.reflect.NativeConstructorAccessorImpl.newInstance0(Native Method)
	at java.base/jdk.internal.reflect.NativeConstructorAccessorImpl.newInstance(NativeConstructorAccessorImpl.java:62)
	at java.base/jdk.internal.reflect.DelegatingConstructorAccessorImpl.newInstance(DelegatingConstructorAccessorImpl.java:45)
	at java.base/java.lang.reflect.Constructor.newInstance(Constructor.java:490)
	at org.openqa.selenium.remote.http.W3CHttpResponseCodec.createException(W3CHttpResponseCodec.java:187)
	at org.openqa.selenium.remote.http.W3CHttpResponseCodec.decode(W3CHttpResponseCodec.java:122)
	at org.openqa.selenium.remote.http.W3CHttpResponseCodec.decode(W3CHttpResponseCodec.java:49)
	at org.openqa.selenium.remote.HttpCommandExecutor.execute(HttpCommandExecutor.java:158)
	at io.appium.java_client.remote.AppiumCommandExecutor.execute(AppiumCommandExecutor.java:239)
	at org.openqa.selenium.remote.RemoteWebDriver.execute(RemoteWebDriver.java:552)
	at io.appium.java_client.DefaultGenericMobileDriver.execute(DefaultGenericMobileDriver.java:41)
	at io.appium.java_client.AppiumDriver.execute(AppiumDriver.java:1)
	at io.appium.java_client.android.AndroidDriver.execute(AndroidDriver.java:1)
	at org.openqa.selenium.remote.RemoteWebDriver.findElement(RemoteWebDriver.java:323)
	at io.appium.java_client.DefaultGenericMobileDriver.findElement(DefaultGenericMobileDriver.java:61)
	at io.appium.java_client.AppiumDriver.findElement(AppiumDriver.java:1)
	at io.appium.java_client.android.AndroidDriver.findElement(AndroidDriver.java:1)
	at org.openqa.selenium.remote.RemoteWebDriver.findElementById(RemoteWebDriver.java:372)
	at io.appium.java_client.DefaultGenericMobileDriver.findElementById(DefaultGenericMobileDriver.java:69)
	at io.appium.java_client.AppiumDriver.findElementById(AppiumDriver.java:1)
	at io.appium.java_client.android.AndroidDriver.findElementById(AndroidDriver.java:1)
	at org.openqa.selenium.By$ById.findElement(By.java:188)
	at org.openqa.selenium.remote.RemoteWebDriver.findElement(RemoteWebDriver.java:315)
	at io.appium.java_client.DefaultGenericMobileDriver.findElement(DefaultGenericMobileDriver.java:57)
	at io.appium.java_client.AppiumDriver.findElement(AppiumDriver.java:1)
	at io.appium.java_client.android.AndroidDriver.findElement(AndroidDriver.java:1)
	at io.appium.java_client.pagefactory.bys.builder.ByChained.lambda$0(ByChained.java:38)
	at org.openqa.selenium.support.ui.FluentWait.until(FluentWait.java:249)
	at io.appium.java_client.pagefactory.bys.builder.ByChained.findElement(ByChained.java:72)
	at org.openqa.selenium.remote.RemoteWebDriver.findElement(RemoteWebDriver.java:315)
	at io.appium.java_client.DefaultGenericMobileDriver.findElement(DefaultGenericMobileDriver.java:57)
	at io.appium.java_client.AppiumDriver.findElement(AppiumDriver.java:1)
	at io.appium.java_client.android.AndroidDriver.findElement(AndroidDriver.java:1)
	at io.appium.java_client.pagefactory.bys.ContentMappedBy.findElement(ContentMappedBy.java:50)
	at org.openqa.selenium.remote.RemoteWebDriver.findElement(RemoteWebDriver.java:315)
	at io.appium.java_client.DefaultGenericMobileDriver.findElement(DefaultGenericMobileDriver.java:57)
	at io.appium.java_client.AppiumDriver.findElement(AppiumDriver.java:1)
	at io.appium.java_client.android.AndroidDriver.findElement(AndroidDriver.java:1)
	at io.appium.java_client.pagefactory.AppiumElementLocator.lambda$0(AppiumElementLocator.java:120)
	at io.appium.java_client.pagefactory.AppiumElementLocator$WaitingFunction.apply(AppiumElementLocator.java:172)
	... 36 more

[logs/Android_Pixel 2 INFO ] 2020-06-05 01:08:00.939 TestListener:41 - Base file name >>>com.qa.BaseTest@4440b74c
[logs/Android_Pixel 2 ERROR] 2020-06-05 01:08:00.949 TestListener:35 - org.openqa.selenium.WebDriverException: An unknown server-side error occurred while processing the command. Original error: Could not proxy command to remote server. Original error: Error: connect ECONNREFUSED 127.0.0.1:10000
Build info: version: '3.141.59', revision: 'e82be7d358', time: '2018-11-14T08:17:03'
System info: host: 'INLaptop140.local', ip: 'fe80:0:0:0:461:b65d:48a3:293%en0', os.name: 'Mac OS X', os.arch: 'x86_64', os.version: '10.14.6', java.version: '11.0.1'
Driver info: io.appium.java_client.android.AndroidDriver
Capabilities {app: /Users/sharadgupta/Document..., appActivity: .modules.splash.SplashActivity, appPackage: com.earningvideo, autoGrantPermissions: true, automationName: UiAutomator2, databaseEnabled: false, desired: {app: /Users/sharadgupta/Document..., appActivity: .modules.splash.SplashActivity, appPackage: com.earningvideo, autoGrantPermissions: true, automationName: UiAutomator2, deviceName: Pixel 2, noRest: true, platformName: android, resetKeyboard: true, systemPort: 10000, udid: emulator-5554, unicodeKeyboard: true}, deviceApiLevel: 29, deviceManufacturer: Google, deviceModel: Android SDK built for x86, deviceName: emulator-5554, deviceScreenDensity: 420, deviceScreenSize: 1080x1920, deviceUDID: emulator-5554, javascriptEnabled: true, locationContextEnabled: false, networkConnectionEnabled: true, noRest: true, pixelRatio: 2.625, platform: LINUX, platformName: Android, platformVersion: 10, resetKeyboard: true, statBarHeight: 63, systemPort: 10000, takesScreenshot: true, udid: emulator-5554, unicodeKeyboard: true, viewportRect: {height: 1731, left: 0, top: 63, width: 1080}, warnings: {}, webStorageEnabled: false}
Session ID: 1d5ba937-ee9c-474b-b768-194455cad2f1
	at java.base/jdk.internal.reflect.NativeConstructorAccessorImpl.newInstance0(Native Method)
	at java.base/jdk.internal.reflect.NativeConstructorAccessorImpl.newInstance(NativeConstructorAccessorImpl.java:62)
	at java.base/jdk.internal.reflect.DelegatingConstructorAccessorImpl.newInstance(DelegatingConstructorAccessorImpl.java:45)
	at java.base/java.lang.reflect.Constructor.newInstance(Constructor.java:490)
	at org.openqa.selenium.remote.http.W3CHttpResponseCodec.createException(W3CHttpResponseCodec.java:187)
	at org.openqa.selenium.remote.http.W3CHttpResponseCodec.decode(W3CHttpResponseCodec.java:122)
	at org.openqa.selenium.remote.http.W3CHttpResponseCodec.decode(W3CHttpResponseCodec.java:49)
	at org.openqa.selenium.remote.HttpCommandExecutor.execute(HttpCommandExecutor.java:158)
	at io.appium.java_client.remote.AppiumCommandExecutor.execute(AppiumCommandExecutor.java:239)
	at org.openqa.selenium.remote.RemoteWebDriver.execute(RemoteWebDriver.java:552)
	at io.appium.java_client.DefaultGenericMobileDriver.execute(DefaultGenericMobileDriver.java:45)
	at io.appium.java_client.AppiumDriver.execute(AppiumDriver.java:1)
	at io.appium.java_client.android.AndroidDriver.execute(AndroidDriver.java:1)
	at org.openqa.selenium.remote.RemoteWebDriver.getScreenshotAs(RemoteWebDriver.java:295)
	at com.qa.listeners.TestListener.onTestFailure(TestListener.java:42)
	at org.testng.internal.TestListenerHelper.runTestListeners(TestListenerHelper.java:67)
	at org.testng.internal.Invoker.runTestListeners(Invoker.java:1388)
	at org.testng.internal.Invoker.invokeMethod(Invoker.java:633)
	at org.testng.internal.Invoker.invokeTestMethod(Invoker.java:716)
	at org.testng.internal.Invoker.invokeTestMethods(Invoker.java:988)
	at org.testng.internal.TestMethodWorker.invokeTestMethods(TestMethodWorker.java:125)
	at org.testng.internal.TestMethodWorker.run(TestMethodWorker.java:109)
	at org.testng.TestRunner.privateRun(TestRunner.java:648)
	at org.testng.TestRunner.run(TestRunner.java:505)
	at org.testng.SuiteRunner.runTest(SuiteRunner.java:455)
	at org.testng.SuiteRunner.access$000(SuiteRunner.java:40)
	at org.testng.SuiteRunner$SuiteWorker.run(SuiteRunner.java:489)
	at org.testng.internal.thread.ThreadUtil$1.call(ThreadUtil.java:52)
	at java.base/java.util.concurrent.FutureTask.run(FutureTask.java:264)
	at java.base/java.util.concurrent.ThreadPoolExecutor.runWorker(ThreadPoolExecutor.java:1128)
	at java.base/java.util.concurrent.ThreadPoolExecutor$Worker.run(ThreadPoolExecutor.java:628)
	at java.base/java.lang.Thread.run(Thread.java:834)

[logs/Android_Pixel 2 INFO ] 2020-06-05 01:08:00.951 TestListener:41 - Base file name >>>com.qa.BaseTest@75fdd28
[logs/Android_Pixel 2 INFO ] 2020-06-05 01:08:15.572 BaseTest:211 - log path:logs/Android_Pixel 2
[logs/Android_Pixel 2 INFO ] 2020-06-05 01:08:15.583 BaseTest:249 - appUrl is/Users/sharadgupta/Documents/automation/RunServer/target/classes/app/btv.apk
[logs/Android_Pixel 2 INFO ] 2020-06-05 01:08:41.080 EditVideoTest:70 - login test before metod
[logs/Android_Pixel 2 INFO ] 2020-06-05 01:08:41.180 EditVideoTest:77 - 
**********Starting Test******** :verifyDashboardTitle*****

[logs/Android_Pixel 2 INFO ] 2020-06-05 01:08:55.543 EditVideoTest:96 - >>>>>Marketing Screen<<<<<<
[logs/Android_Pixel 2 INFO ] 2020-06-05 01:09:03.030 BaseTest:303 - enter email id is >>>yashimittal09+1@gmail.com
[logs/Android_Pixel 2 INFO ] 2020-06-05 01:09:03.632 BaseTest:303 - enter Password is >>>Password1124!
[logs/Android_Pixel 2 INFO ] 2020-06-05 01:09:04.805 BaseTest:291 - Press login button
[logs/Android_Pixel 2 INFO ] 2020-06-05 01:09:04.885 EditVideoTest:98 - >>>>>Login Screen<<<<<<
[logs/Android_Pixel 2 INFO ] 2020-06-05 01:09:10.469 EditVideoTest:106 - Dashboard Text visible ----true
[logs/Android_Pixel 2 INFO ] 2020-06-05 01:09:11.344 EditVideoPage:141 - EDIT Button Clicked
[logs/Android_Pixel 2 INFO ] 2020-06-05 01:09:12.766 EditVideoPage:147 - EDIT Button Clicked
[logs/Android_Pixel 2 INFO ] 2020-06-05 01:09:15.821 EditVideoPage:198 - ok_button_text_view
[logs/Android_Pixel 2 INFO ] 2020-06-05 01:09:15.928 EditVideoPage:203 - save_button_text_view
[logs/Android_Pixel 2 INFO ] 2020-06-05 01:09:17.875 EditVideoPage:232 - click 3 dot
[logs/Android_Pixel 2 INFO ] 2020-06-05 01:09:19.493 EditVideoPage:238 - click 3 dot
[logs/Android_Pixel 2 INFO ] 2020-06-05 01:09:21.092 EditVideoPage:244 - edit name field
[logs/Android_Pixel 2 INFO ] 2020-06-05 01:09:21.659 BaseTest:303 - enter card number >>>sharad
[logs/Android_Pixel 2 INFO ] 2020-06-05 01:09:21.692 EditVideoPage:251 - click 3 dot
[logs/Android_Pixel 2 INFO ] 2020-06-05 01:09:22.245 EditVideoPage:232 - click 3 dot
[logs/Android_Pixel 2 INFO ] 2020-06-05 01:09:23.043 EditVideoPage:100 - click_Share_for_approval
[logs/Android_Pixel 2 INFO ] 2020-06-05 01:09:24.607 EditVideoPage:232 - click 3 dot
[logs/Android_Pixel 2 INFO ] 2020-06-05 01:09:25.694 EditVideoPage:256 - click 3 dot
[logs/Android_Pixel 2 INFO ] 2020-06-05 01:09:26.884 BaseTest:303 - ADD COMPANY NAME >>>15IBM
[logs/Android_Pixel 2 INFO ] 2020-06-05 01:09:27.429 BaseTest:303 - ADD INTERVIEWEE NAME >>>15Macbook
[logs/Android_Pixel 2 INFO ] 2020-06-05 01:09:27.972 BaseTest:303 - ADD POSITION >>>15QA Lead
[logs/Android_Pixel 2 INFO ] 2020-06-05 01:09:28.519 BaseTest:303 - STOCK 1 >>>15Stock_1
[logs/Android_Pixel 2 INFO ] 2020-06-05 01:09:29.055 BaseTest:303 - STOCK 2 >>>15Stock_2
[logs/Android_Pixel 2 INFO ] 2020-06-05 01:09:29.616 BaseTest:303 - EXCHANGE 1 >>>15Exchange_1
[logs/Android_Pixel 2 INFO ] 2020-06-05 01:09:30.150 BaseTest:303 - EXCHANGE 2 >>>15Exchange_2
[logs/Android_Pixel 2 INFO ] 2020-06-05 01:09:30.182 EditVideoPage:274 - click Add Company Save
[logs/Android_Pixel 2 INFO ] 2020-06-05 01:09:31.429 EditVideoPage:232 - click 3 dot
[logs/Android_Pixel 2 INFO ] 2020-06-05 01:09:33.682 EditVideoPage:100 - click_Share_for_approval
[logs/Android_Pixel 2 INFO ] 2020-06-05 01:09:36.121 BaseTest:291 - Press login button
[logs/Android_Pixel 2 INFO ] 2020-06-05 01:09:42.765 BaseTest:291 - save button click
[logs/Android_Pixel 2 INFO ] 2020-06-05 01:09:42.820 EditVideoPage:94 - click_home_button
[logs/Android_Pixel 2 INFO ] 2020-06-05 01:09:54.076 EditVideoPage:141 - EDIT Button Clicked
[logs/Android_Pixel 2 INFO ] 2020-06-05 01:09:54.172 EditVideoPage:100 - click_Share_for_approval
[logs/Android_Pixel 2 INFO ] 2020-06-05 01:09:56.017 BaseTest:303 - reviewer_name_edit_text >>>623Reviewer's Name
[logs/Android_Pixel 2 INFO ] 2020-06-05 01:09:56.560 BaseTest:303 - reviewer_email_edit_text >>>yashimittal09+623@gmail.com
[logs/Android_Pixel 2 INFO ] 2020-06-05 01:10:06.594 EditVideoPage:115 - invite_reviewer_text_view
[logs/Android_Pixel 2 INFO ] 2020-06-05 01:10:26.693 EditVideoTest:82 - login test before method
